{"level":"info","message":"Server is running on port 3002","timestamp":"2025-04-03T20:33:57.752Z"}
{"level":"info","message":"Printer connection status:","timestamp":"2025-04-03T20:34:19.505Z"}
{"level":"error","message":"Error printing ticket: Printer not connected","stack":"Error: Printer not connected\n    at PrinterService.printTicket (/home/tekno/Desktop/AB/parking-client/dist/services/printer.service.js:41:23)\n    at process.processTicksAndRejections (node:internal/process/task_queues:95:5)\n    at async /home/tekno/Desktop/AB/parking-client/dist/index.js:73:9","timestamp":"2025-04-03T20:34:19.506Z"}
{"level":"error","message":"Error printing ticket: Printer not connected","stack":"Error: Printer not connected\n    at PrinterService.printTicket (/home/tekno/Desktop/AB/parking-client/dist/services/printer.service.js:41:23)\n    at process.processTicksAndRejections (node:internal/process/task_queues:95:5)\n    at async /home/tekno/Desktop/AB/parking-client/dist/index.js:73:9","timestamp":"2025-04-03T20:34:19.506Z"}
{"level":"info","message":"Server is running on port 3002","timestamp":"2025-04-03T20:38:13.546Z"}
{"level":"info","message":"Printer connection status:","timestamp":"2025-04-03T20:38:36.759Z"}
{"level":"error","message":"Error printing test page: Printer not connected","stack":"Error: Printer not connected\n    at PrinterService.printTestPage (/home/tekno/Desktop/AB/parking-client/dist/services/printer.service.js:85:23)\n    at process.processTicksAndRejections (node:internal/process/task_queues:95:5)\n    at async /home/tekno/Desktop/AB/parking-client/dist/index.js:62:9","timestamp":"2025-04-03T20:38:36.760Z"}
{"level":"error","message":"Error printing test page: Printer not connected","stack":"Error: Printer not connected\n    at PrinterService.printTestPage (/home/tekno/Desktop/AB/parking-client/dist/services/printer.service.js:85:23)\n    at process.processTicksAndRejections (node:internal/process/task_queues:95:5)\n    at async /home/tekno/Desktop/AB/parking-client/dist/index.js:62:9","timestamp":"2025-04-03T20:38:36.764Z"}
{"level":"info","message":"Server is running on port 3002","timestamp":"2025-04-03T20:45:32.486Z"}
{"errno":-3,"level":"error","message":"Error printing test page: LIBUSB_ERROR_ACCESS","stack":"Error: LIBUSB_ERROR_ACCESS\n    at usb.Device.open (/home/tekno/Desktop/AB/parking-client/node_modules/usb/usb.js:40:7)\n    at USB.open (/home/tekno/Desktop/AB/parking-client/node_modules/escpos-usb/index.js:110:15)\n    at /home/tekno/Desktop/AB/parking-client/dist/services/printer.service.js:99:29\n    at new Promise (<anonymous>)\n    at PrinterService.printTestPage (/home/tekno/Desktop/AB/parking-client/dist/services/printer.service.js:98:20)\n    at process.processTicksAndRejections (node:internal/process/task_queues:95:5)\n    at async /home/tekno/Desktop/AB/parking-client/dist/index.js:62:9","timestamp":"2025-04-03T20:48:03.041Z"}
{"level":"info","message":"Server is running on port 3002","timestamp":"2025-04-03T20:49:49.751Z"}
{"errno":-3,"level":"error","message":"Error printing test page: LIBUSB_ERROR_ACCESS","stack":"Error: LIBUSB_ERROR_ACCESS\n    at usb.Device.open (/home/tekno/Desktop/AB/parking-client/node_modules/usb/usb.js:40:7)\n    at USB.open (/home/tekno/Desktop/AB/parking-client/node_modules/escpos-usb/index.js:110:15)\n    at /home/tekno/Desktop/AB/parking-client/dist/services/printer.service.js:99:29\n    at new Promise (<anonymous>)\n    at PrinterService.printTestPage (/home/tekno/Desktop/AB/parking-client/dist/services/printer.service.js:98:20)\n    at process.processTicksAndRejections (node:internal/process/task_queues:95:5)\n    at async /home/tekno/Desktop/AB/parking-client/dist/index.js:62:9","timestamp":"2025-04-03T20:50:08.047Z"}
{"level":"info","message":"Server is running on port 3002","timestamp":"2025-04-03T21:01:35.432Z"}
{"level":"error","message":"Error printing test page: Printer not connected","stack":"Error: Printer not connected\n    at PrinterService.printTestPage (/home/tekno/Desktop/AB/parking-client/dist/services/printer.service.js:74:23)\n    at process.processTicksAndRejections (node:internal/process/task_queues:95:5)\n    at async /home/tekno/Desktop/AB/parking-client/dist/index.js:62:9","timestamp":"2025-04-03T21:03:41.063Z"}
{"level":"error","message":"Error printing test page: Printer not connected","stack":"Error: Printer not connected\n    at PrinterService.printTestPage (/home/tekno/Desktop/AB/parking-client/dist/services/printer.service.js:74:23)\n    at process.processTicksAndRejections (node:internal/process/task_queues:95:5)\n    at async /home/tekno/Desktop/AB/parking-client/dist/index.js:62:9","timestamp":"2025-04-03T21:03:41.063Z"}
{"level":"info","message":"Server is running on port 3002","timestamp":"2025-04-03T21:55:17.024Z"}
{"level":"error","message":"Error printing test page: Printer not connected","stack":"Error: Printer not connected\n    at PrinterService.printTestPage (/home/tekno/Desktop/AB/parking-client/dist/services/printer.service.js:101:23)\n    at process.processTicksAndRejections (node:internal/process/task_queues:95:5)\n    at async /home/tekno/Desktop/AB/parking-client/dist/index.js:62:9","timestamp":"2025-04-03T21:58:22.605Z"}
{"level":"error","message":"Error printing test page: Printer not connected","stack":"Error: Printer not connected\n    at PrinterService.printTestPage (/home/tekno/Desktop/AB/parking-client/dist/services/printer.service.js:101:23)\n    at process.processTicksAndRejections (node:internal/process/task_queues:95:5)\n    at async /home/tekno/Desktop/AB/parking-client/dist/index.js:62:9","timestamp":"2025-04-03T21:58:22.610Z"}
{"level":"info","message":"Server is running on port 3002","timestamp":"2025-04-03T22:00:14.501Z"}
{"level":"error","message":"Error printing test page: Printer not connected","stack":"Error: Printer not connected\n    at PrinterService.printTestPage (/home/tekno/Desktop/AB/parking-client/dist/services/printer.service.js:82:23)\n    at process.processTicksAndRejections (node:internal/process/task_queues:95:5)\n    at async /home/tekno/Desktop/AB/parking-client/dist/index.js:62:9","timestamp":"2025-04-03T22:00:29.213Z"}
{"level":"error","message":"Error printing test page: Printer not connected","stack":"Error: Printer not connected\n    at PrinterService.printTestPage (/home/tekno/Desktop/AB/parking-client/dist/services/printer.service.js:82:23)\n    at process.processTicksAndRejections (node:internal/process/task_queues:95:5)\n    at async /home/tekno/Desktop/AB/parking-client/dist/index.js:62:9","timestamp":"2025-04-03T22:00:29.214Z"}
{"level":"info","message":"Server is running on port 3002","timestamp":"2025-04-03T22:01:24.130Z"}
{"level":"info","message":"Printer service initialized","timestamp":"2025-04-03T22:02:42.891Z"}
{"level":"info","message":"Server is running on port 3002","timestamp":"2025-04-03T22:02:42.902Z"}
{"level":"error","message":"Error printing test page: Printer not connected","stack":"Error: Printer not connected\n    at PrinterService.printTestPage (/home/tekno/Desktop/AB/parking-client/dist/services/printer.service.js:77:23)\n    at process.processTicksAndRejections (node:internal/process/task_queues:95:5)\n    at async /home/tekno/Desktop/AB/parking-client/dist/index.js:62:9","timestamp":"2025-04-03T22:02:55.324Z"}
{"level":"error","message":"Error printing test page: Printer not connected","stack":"Error: Printer not connected\n    at PrinterService.printTestPage (/home/tekno/Desktop/AB/parking-client/dist/services/printer.service.js:77:23)\n    at process.processTicksAndRejections (node:internal/process/task_queues:95:5)\n    at async /home/tekno/Desktop/AB/parking-client/dist/index.js:62:9","timestamp":"2025-04-03T22:02:55.325Z"}
